
Data: 10/02/2021 11:28:51
Unit: 
ClassName: EDBClient
Erro: Insufficient memory for this operation.

Data: 10/02/2021 11:28:52
Unit: 
ClassName: EDBClient
Erro: Insufficient memory for this operation.

Data: 10/02/2021 11:28:53
Unit: 
ClassName: EDBClient
Erro: Insufficient memory for this operation.

Data: 10/02/2021 11:28:53
Unit: 
ClassName: EDBClient
Erro: Insufficient memory for this operation.

Data: 10/02/2021 11:28:54
Unit: 
ClassName: EDBClient
Erro: Insufficient memory for this operation.

Data: 10/02/2021 11:28:54
Unit: 
ClassName: EDBClient
Erro: Insufficient memory for this operation.

Data: 10/02/2021 11:28:54
Unit: 
ClassName: EDBClient
Erro: Insufficient memory for this operation.

Data: 10/02/2021 11:28:54
Unit: 
ClassName: EDBClient
Erro: Insufficient memory for this operation.

Data: 10/02/2021 11:28:54
Unit: 
ClassName: EDBClient
Erro: Insufficient memory for this operation.

Data: 10/02/2021 11:28:54
Unit: 
ClassName: EDBClient
Erro: Insufficient memory for this operation.

Data: 10/02/2021 11:28:55
Unit: 
ClassName: EDBClient
Erro: Insufficient memory for this operation.

Data: 10/02/2021 11:28:55
Unit: 
ClassName: EDBClient
Erro: Insufficient memory for this operation.

Data: 10/02/2021 11:28:55
Unit: 
ClassName: EDBClient
Erro: Insufficient memory for this operation.

Data: 10/02/2021 11:28:55
Unit: 
ClassName: EDBClient
Erro: Insufficient memory for this operation.

Data: 10/02/2021 11:28:55
Unit: 
ClassName: EDBClient
Erro: Insufficient memory for this operation.

Data: 10/02/2021 11:28:56
Unit: 
ClassName: EDBClient
Erro: Insufficient memory for this operation.

Data: 10/02/2021 11:28:56
Unit: 
ClassName: EDBClient
Erro: Insufficient memory for this operation.

Data: 10/02/2021 11:28:56
Unit: 
ClassName: EDBClient
Erro: Insufficient memory for this operation.

Data: 10/02/2021 11:28:56
Unit: 
ClassName: EDBClient
Erro: Insufficient memory for this operation.

Data: 10/02/2021 11:28:56
Unit: 
ClassName: EDBClient
Erro: Insufficient memory for this operation.

Data: 10/02/2021 11:28:56
Unit: 
ClassName: EDBClient
Erro: Insufficient memory for this operation.

Data: 10/02/2021 11:28:57
Unit: 
ClassName: EDBClient
Erro: Insufficient memory for this operation.

Data: 10/02/2021 11:28:57
Unit: 
ClassName: EDBClient
Erro: Insufficient memory for this operation.

Data: 10/02/2021 11:28:57
Unit: 
ClassName: EDBClient
Erro: Insufficient memory for this operation.

Data: 10/02/2021 11:28:57
Unit: 
ClassName: EDBClient
Erro: Insufficient memory for this operation.

Data: 10/02/2021 11:28:57
Unit: 
ClassName: EDBClient
Erro: Insufficient memory for this operation.

Data: 10/02/2021 11:28:58
Unit: 
ClassName: EDBClient
Erro: Insufficient memory for this operation.

Data: 10/02/2021 11:28:58
Unit: 
ClassName: EDBClient
Erro: Insufficient memory for this operation.

Data: 10/02/2021 11:28:58
Unit: 
ClassName: EDBClient
Erro: Insufficient memory for this operation.

Data: 10/02/2021 11:28:58
Unit: 
ClassName: EDBClient
Erro: Insufficient memory for this operation.

Data: 10/02/2021 11:28:58
Unit: 
ClassName: EDBClient
Erro: Insufficient memory for this operation.

Data: 10/02/2021 11:28:59
Unit: 
ClassName: EDBClient
Erro: Insufficient memory for this operation.

Data: 10/02/2021 11:28:59
Unit: 
ClassName: EDBClient
Erro: Insufficient memory for this operation.

Data: 10/02/2021 11:28:59
Unit: 
ClassName: EDBClient
Erro: Insufficient memory for this operation.

Data: 10/02/2021 11:28:59
Unit: 
ClassName: EDBClient
Erro: Insufficient memory for this operation.

Data: 10/02/2021 11:28:59
Unit: 
ClassName: EDBClient
Erro: Insufficient memory for this operation.

Data: 10/02/2021 11:28:59
Unit: 
ClassName: EDBClient
Erro: Insufficient memory for this operation.

Data: 10/02/2021 11:29:00
Unit: 
ClassName: EDBClient
Erro: Insufficient memory for this operation.

Data: 10/02/2021 11:29:00
Unit: 
ClassName: EDBClient
Erro: Insufficient memory for this operation.

Data: 10/02/2021 11:29:00
Unit: 
ClassName: EDBClient
Erro: Insufficient memory for this operation.

Data: 10/02/2021 11:29:00
Unit: 
ClassName: EDBClient
Erro: Insufficient memory for this operation.

Data: 10/02/2021 11:29:00
Unit: 
ClassName: EDBClient
Erro: Insufficient memory for this operation.

Data: 10/02/2021 11:29:00
Unit: 
ClassName: EDBClient
Erro: Insufficient memory for this operation.

Data: 10/02/2021 11:29:00
Unit: 
ClassName: EDBClient
Erro: Insufficient memory for this operation.

Data: 10/02/2021 11:29:01
Unit: 
ClassName: EDBClient
Erro: Insufficient memory for this operation.

Data: 10/02/2021 11:29:01
Unit: 
ClassName: EDBClient
Erro: Insufficient memory for this operation.

Data: 10/02/2021 11:29:01
Unit: 
ClassName: EDBClient
Erro: Insufficient memory for this operation.

Data: 10/02/2021 11:29:01
Unit: 
ClassName: EDBClient
Erro: Insufficient memory for this operation.

Data: 10/02/2021 11:29:01
Unit: 
ClassName: EDBClient
Erro: Insufficient memory for this operation.

Data: 10/02/2021 11:29:02
Unit: 
ClassName: EDBClient
Erro: Insufficient memory for this operation.

Data: 10/02/2021 11:29:02
Unit: 
ClassName: EDBClient
Erro: Insufficient memory for this operation.

Data: 10/02/2021 11:29:02
Unit: 
ClassName: EDBClient
Erro: Insufficient memory for this operation.

Data: 10/02/2021 11:29:02
Unit: 
ClassName: EDBClient
Erro: Insufficient memory for this operation.

Data: 10/02/2021 11:29:02
Unit: 
ClassName: EDBClient
Erro: Insufficient memory for this operation.

Data: 10/02/2021 11:29:02
Unit: 
ClassName: EDBClient
Erro: Insufficient memory for this operation.

Data: 10/02/2021 11:29:03
Unit: 
ClassName: EDBClient
Erro: Insufficient memory for this operation.

Data: 10/02/2021 11:29:03
Unit: 
ClassName: EDBClient
Erro: Insufficient memory for this operation.

Data: 10/02/2021 11:29:03
Unit: 
ClassName: EDBClient
Erro: Insufficient memory for this operation.

Data: 10/02/2021 11:29:03
Unit: 
ClassName: EDBClient
Erro: Insufficient memory for this operation.

Data: 10/02/2021 11:29:03
Unit: 
ClassName: EDBClient
Erro: Insufficient memory for this operation.

Data: 10/02/2021 11:29:03
Unit: 
ClassName: EDBClient
Erro: Insufficient memory for this operation.

Data: 10/02/2021 11:29:04
Unit: 
ClassName: EDBClient
Erro: Insufficient memory for this operation.

Data: 10/02/2021 11:29:04
Unit: 
ClassName: EDBClient
Erro: Insufficient memory for this operation.

Data: 10/02/2021 11:29:04
Unit: 
ClassName: EDBClient
Erro: Insufficient memory for this operation.

Data: 10/02/2021 11:29:04
Unit: 
ClassName: EDBClient
Erro: Insufficient memory for this operation.

Data: 10/02/2021 11:29:04
Unit: 
ClassName: EDBClient
Erro: Insufficient memory for this operation.

Data: 10/02/2021 11:29:05
Unit: 
ClassName: EDBClient
Erro: Insufficient memory for this operation.

Data: 10/02/2021 11:29:05
Unit: 
ClassName: EDBClient
Erro: Insufficient memory for this operation.

Data: 10/02/2021 11:29:05
Form: fClienteServidor
Caption: Cliente - Servidor
ClassName: EDBClient
Erro: Insufficient memory for this operation.

Data: 10/02/2021 11:35:49
Unit: 
ClassName: EDBClient
Erro: Insufficient memory for this operation.

Data: 10/02/2021 11:35:52
Unit: 
ClassName: EDBClient
Erro: Insufficient memory for this operation.

Data: 10/02/2021 11:35:55
Unit: 
ClassName: EDBClient
Erro: Insufficient memory for this operation.

Data: 10/02/2021 11:35:56
Unit: 
ClassName: EDBClient
Erro: Insufficient memory for this operation.

Data: 10/02/2021 11:37:26
Unit: 
ClassName: EDBClient
Erro: Insufficient memory for this operation.

Data: 10/02/2021 11:37:28
Unit: 
ClassName: EDBClient
Erro: Insufficient memory for this operation.

Data: 10/02/2021 11:37:34
Unit: 
ClassName: EDBClient
Erro: Insufficient memory for this operation.

Data: 10/02/2021 11:37:36
Unit: 
ClassName: EDBClient
Erro: Insufficient memory for this operation.

Data: 10/02/2021 11:37:39
Unit: 
ClassName: EDBClient
Erro: Insufficient memory for this operation.

Data: 10/02/2021 11:37:40
Unit: 
ClassName: EDBClient
Erro: Insufficient memory for this operation.

Data: 10/02/2021 11:37:43
Unit: 
ClassName: EDBClient
Erro: Insufficient memory for this operation.

Data: 10/02/2021 11:37:45
Unit: 
ClassName: EDBClient
Erro: Insufficient memory for this operation.

Data: 10/02/2021 11:37:48
Unit: 
ClassName: EDBClient
Erro: Insufficient memory for this operation.

Data: 10/02/2021 11:38:16
Unit: 
ClassName: EDBClient
Erro: Insufficient memory for this operation.

Data: 10/02/2021 11:38:18
Unit: 
ClassName: EDBClient
Erro: Insufficient memory for this operation.

Data: 10/02/2021 11:38:21
Unit: 
ClassName: EDBClient
Erro: Insufficient memory for this operation.

Data: 10/02/2021 11:38:35
Unit: 
ClassName: EDBClient
Erro: Insufficient memory for this operation.

Data: 10/02/2021 11:38:36
Unit: 
ClassName: EDBClient
Erro: Insufficient memory for this operation.

Data: 10/02/2021 11:38:38
Unit: 
ClassName: EDBClient
Erro: Insufficient memory for this operation.

Data: 10/02/2021 11:38:41
Unit: 
ClassName: EDBClient
Erro: Insufficient memory for this operation.

Data: 10/02/2021 11:38:43
Unit: 
ClassName: EDBClient
Erro: Insufficient memory for this operation.

Data: 10/02/2021 11:39:04
Unit: 
ClassName: EDBClient
Erro: Insufficient memory for this operation.

Data: 10/02/2021 11:39:05
Unit: 
ClassName: EDBClient
Erro: Insufficient memory for this operation.

Data: 10/02/2021 11:39:05
Unit: 
ClassName: EDBClient
Erro: Insufficient memory for this operation.

Data: 10/02/2021 11:39:05
Unit: 
ClassName: EDBClient
Erro: Insufficient memory for this operation.

Data: 10/02/2021 11:39:05
Unit: 
ClassName: EDBClient
Erro: Insufficient memory for this operation.

Data: 10/02/2021 11:39:06
Unit: 
ClassName: EDBClient
Erro: Insufficient memory for this operation.

Data: 10/02/2021 11:39:06
Unit: 
ClassName: EDBClient
Erro: Insufficient memory for this operation.

Data: 10/02/2021 11:39:06
Unit: 
ClassName: EDBClient
Erro: Insufficient memory for this operation.

Data: 10/02/2021 11:39:06
Unit: 
ClassName: EDBClient
Erro: Insufficient memory for this operation.

Data: 10/02/2021 11:39:06
Unit: 
ClassName: EDBClient
Erro: Insufficient memory for this operation.

Data: 10/02/2021 11:39:07
Unit: 
ClassName: EDBClient
Erro: Insufficient memory for this operation.

Data: 10/02/2021 11:39:08
Unit: 
ClassName: EDBClient
Erro: Insufficient memory for this operation.

Data: 10/02/2021 11:39:08
Unit: 
ClassName: EDBClient
Erro: Insufficient memory for this operation.

Data: 10/02/2021 11:39:08
Unit: 
ClassName: EDBClient
Erro: Insufficient memory for this operation.

Data: 10/02/2021 11:39:08
Unit: 
ClassName: EDBClient
Erro: Insufficient memory for this operation.

Data: 10/02/2021 11:39:08
Unit: 
ClassName: EDBClient
Erro: Insufficient memory for this operation.

Data: 10/02/2021 11:39:09
Unit: 
ClassName: EDBClient
Erro: Insufficient memory for this operation.

Data: 10/02/2021 11:39:09
Unit: 
ClassName: EDBClient
Erro: Insufficient memory for this operation.

Data: 10/02/2021 11:39:09
Unit: 
ClassName: EDBClient
Erro: Insufficient memory for this operation.

Data: 10/02/2021 11:39:10
Unit: 
ClassName: EDBClient
Erro: Insufficient memory for this operation.

Data: 10/02/2021 11:39:10
Unit: 
ClassName: EDBClient
Erro: Insufficient memory for this operation.

Data: 10/02/2021 11:39:10
Unit: 
ClassName: EDBClient
Erro: Insufficient memory for this operation.

Data: 10/02/2021 11:39:10
Unit: 
ClassName: EDBClient
Erro: Insufficient memory for this operation.

Data: 10/02/2021 11:39:10
Unit: 
ClassName: EDBClient
Erro: Insufficient memory for this operation.

Data: 10/02/2021 11:39:10
Unit: 
ClassName: EDBClient
Erro: Insufficient memory for this operation.

Data: 10/02/2021 11:39:11
Unit: 
ClassName: EDBClient
Erro: Insufficient memory for this operation.

Data: 10/02/2021 11:39:11
Unit: 
ClassName: EDBClient
Erro: Insufficient memory for this operation.

Data: 10/02/2021 11:39:11
Unit: 
ClassName: EDBClient
Erro: Insufficient memory for this operation.

Data: 10/02/2021 11:39:11
Unit: 
ClassName: EDBClient
Erro: Insufficient memory for this operation.

Data: 10/02/2021 11:39:12
Unit: 
ClassName: EDBClient
Erro: Insufficient memory for this operation.

Data: 10/02/2021 11:39:12
Unit: 
ClassName: EDBClient
Erro: Insufficient memory for this operation.

Data: 10/02/2021 11:39:12
Unit: 
ClassName: EDBClient
Erro: Insufficient memory for this operation.

Data: 10/02/2021 11:39:12
Unit: 
ClassName: EDBClient
Erro: Insufficient memory for this operation.

Data: 10/02/2021 11:39:12
Unit: 
ClassName: EDBClient
Erro: Insufficient memory for this operation.

Data: 10/02/2021 11:39:13
Unit: 
ClassName: EDBClient
Erro: Insufficient memory for this operation.

Data: 10/02/2021 11:39:13
Unit: 
ClassName: EDBClient
Erro: Insufficient memory for this operation.

Data: 10/02/2021 11:39:13
Unit: 
ClassName: EDBClient
Erro: Insufficient memory for this operation.

Data: 10/02/2021 11:39:13
Unit: 
ClassName: EDBClient
Erro: Insufficient memory for this operation.

Data: 10/02/2021 11:39:13
Unit: 
ClassName: EDBClient
Erro: Insufficient memory for this operation.

Data: 10/02/2021 11:39:13
Unit: 
ClassName: EDBClient
Erro: Insufficient memory for this operation.

Data: 10/02/2021 11:39:14
Unit: 
ClassName: EDBClient
Erro: Insufficient memory for this operation.

Data: 10/02/2021 11:39:14
Unit: 
ClassName: EDBClient
Erro: Insufficient memory for this operation.

Data: 10/02/2021 11:39:14
Unit: 
ClassName: EDBClient
Erro: Insufficient memory for this operation.

Data: 10/02/2021 11:39:14
Unit: 
ClassName: EDBClient
Erro: Insufficient memory for this operation.

Data: 10/02/2021 11:39:14
Unit: 
ClassName: EDBClient
Erro: Insufficient memory for this operation.

Data: 10/02/2021 11:39:14
Unit: 
ClassName: EDBClient
Erro: Insufficient memory for this operation.

Data: 10/02/2021 11:39:15
Unit: 
ClassName: EDBClient
Erro: Insufficient memory for this operation.

Data: 10/02/2021 11:39:15
Unit: 
ClassName: EDBClient
Erro: Insufficient memory for this operation.

Data: 10/02/2021 11:39:15
Unit: 
ClassName: EDBClient
Erro: Insufficient memory for this operation.

Data: 10/02/2021 11:39:15
Unit: 
ClassName: EDBClient
Erro: Insufficient memory for this operation.

Data: 10/02/2021 11:39:15
Unit: 
ClassName: EDBClient
Erro: Insufficient memory for this operation.

Data: 10/02/2021 11:39:15
Unit: 
ClassName: EDBClient
Erro: Insufficient memory for this operation.

Data: 10/02/2021 11:39:16
Unit: 
ClassName: EDBClient
Erro: Insufficient memory for this operation.

Data: 10/02/2021 11:39:16
Unit: 
ClassName: EDBClient
Erro: Insufficient memory for this operation.

Data: 10/02/2021 11:39:16
Unit: 
ClassName: EDBClient
Erro: Insufficient memory for this operation.

Data: 10/02/2021 11:39:16
Unit: 
ClassName: EDBClient
Erro: Insufficient memory for this operation.

Data: 10/02/2021 11:39:16
Unit: 
ClassName: EDBClient
Erro: Insufficient memory for this operation.

Data: 10/02/2021 11:39:16
Unit: 
ClassName: EDBClient
Erro: Insufficient memory for this operation.

Data: 10/02/2021 11:39:16
Unit: 
ClassName: EDBClient
Erro: Insufficient memory for this operation.

Data: 10/02/2021 11:39:17
Unit: 
ClassName: EDBClient
Erro: Insufficient memory for this operation.

Data: 10/02/2021 11:39:17
Unit: 
ClassName: EDBClient
Erro: Insufficient memory for this operation.

Data: 10/02/2021 11:39:17
Unit: 
ClassName: EDBClient
Erro: Insufficient memory for this operation.

Data: 10/02/2021 11:39:17
Unit: 
ClassName: EDBClient
Erro: Insufficient memory for this operation.

Data: 10/02/2021 11:39:17
Unit: 
ClassName: EDBClient
Erro: Insufficient memory for this operation.

Data: 10/02/2021 11:39:17
Unit: 
ClassName: EDBClient
Erro: Insufficient memory for this operation.

Data: 10/02/2021 11:39:18
Unit: 
ClassName: EDBClient
Erro: Insufficient memory for this operation.

Data: 10/02/2021 11:39:18
Unit: 
ClassName: EDBClient
Erro: Insufficient memory for this operation.

Data: 10/02/2021 11:39:18
Unit: 
ClassName: EDBClient
Erro: Insufficient memory for this operation.
